[debug] [2021-11-19T18:09:19.287Z] ----------------------------------------------------------------------
[debug] [2021-11-19T18:09:19.290Z] Command:       /home/manuel/.nvm/versions/node/v14.18.0/bin/node /home/manuel/.nvm/versions/node/v14.18.0/bin/firebase init
[debug] [2021-11-19T18:09:19.291Z] CLI Version:   9.21.0
[debug] [2021-11-19T18:09:19.291Z] Platform:      linux
[debug] [2021-11-19T18:09:19.291Z] Node Version:  v14.18.0
[debug] [2021-11-19T18:09:19.291Z] Time:          Fri Nov 19 2021 13:09:19 GMT-0500 (Eastern Standard Time)
[debug] [2021-11-19T18:09:19.292Z] ----------------------------------------------------------------------
[debug] 
[debug] [2021-11-19T18:09:19.298Z] > command requires scopes: ["email","openid","https://www.googleapis.com/auth/cloudplatformprojects.readonly","https://www.googleapis.com/auth/firebase","https://www.googleapis.com/auth/cloud-platform"]
[debug] [2021-11-19T18:09:19.298Z] > authorizing via signed-in user (amanuaelkebede@gmail.com)
[info] 
     ######## #### ########  ######## ########     ###     ######  ########
     ##        ##  ##     ## ##       ##     ##  ##   ##  ##       ##
     ######    ##  ########  ######   ########  #########  ######  ######
     ##        ##  ##    ##  ##       ##     ## ##     ##       ## ##
     ##       #### ##     ## ######## ########  ##     ##  ######  ########

You're about to initialize a Firebase project in this directory:

  /home/manuel/Desktop/projects/portfolio

[info] 
=== Project Setup
[info] 
[info] First, let's associate this project directory with a Firebase project.
[info] You can create multiple project aliases by running firebase use --add, 
[info] but for now we'll just set up a default project.
[info] 
[debug] [2021-11-19T18:12:58.750Z] >>> [apiv2][query] GET https://firebase.googleapis.com/v1beta1/projects pageSize=100
[debug] [2021-11-19T18:13:00.107Z] <<< [apiv2][status] GET https://firebase.googleapis.com/v1beta1/projects 200
[debug] [2021-11-19T18:13:00.107Z] <<< [apiv2][body] GET https://firebase.googleapis.com/v1beta1/projects [omitted]
[info] i  Using project codapol-64ce7 (codapol) 
[info] 
=== Hosting Setup
[info] 
[info] Your public directory is the folder (relative to your project directory) that
[info] will contain Hosting assets to be uploaded with firebase deploy. If you
[info] have a build process for your assets, use your build's output directory.
[info] 
[debug] [2021-11-19T18:13:56.667Z] >>> [apiv2][query] GET https://www.gstatic.com/firebasejs/releases.json [none]
[debug] [2021-11-19T18:14:07.273Z] <<< [apiv2][status] GET https://www.gstatic.com/firebasejs/releases.json 200
[debug] [2021-11-19T18:14:07.274Z] <<< [apiv2][body] GET https://www.gstatic.com/firebasejs/releases.json {"current":{"version":"9.5.0","browserURL":"https://www.gstatic.com/firebasejs/9.5.0/firebase.js","packageURL":"https://www.gstatic.com/firebasejs/9.5.0/firebase.tgz"},"live":{"version":"9.5","browserURL":"https://www.gstatic.com/firebasejs/live/9.5/firebase.js","packageURL":"https://www.gstatic.com/firebasejs/live/9.5/firebase.tgz"},"components":{"analytics":"https://www.gstatic.com/firebasejs/9.5.0/firebase-analytics.js","app":"https://www.gstatic.com/firebasejs/9.5.0/firebase-app.js","app-check":"https://www.gstatic.com/firebasejs/9.5.0/firebase-app-check.js","auth":"https://www.gstatic.com/firebasejs/9.5.0/firebase-auth.js","auth/cordova":"https://www.gstatic.com/firebasejs/9.5.0/firebase-auth/cordova.js","auth/react-native":"https://www.gstatic.com/firebasejs/9.5.0/firebase-auth/react-native.js","functions":"https://www.gstatic.com/firebasejs/9.5.0/firebase-functions.js","firestore":"https://www.gstatic.com/firebasejs/9.5.0/firebase-firestore.js","firestore/lite":"https://www.gstatic.com/firebasejs/9.5.0/firebase-firestore/lite.js","storage":"https://www.gstatic.com/firebasejs/9.5.0/firebase-storage.js","performance":"https://www.gstatic.com/firebasejs/9.5.0/firebase-performance.js","remote-config":"https://www.gstatic.com/firebasejs/9.5.0/firebase-remote-config.js","messaging":"https://www.gstatic.com/firebasejs/9.5.0/firebase-messaging.js","messaging/sw":"https://www.gstatic.com/firebasejs/9.5.0/firebase-messaging/sw.js","database":"https://www.gstatic.com/firebasejs/9.5.0/firebase-database.js","firestore.memory":"https://www.gstatic.com/firebasejs/9.5.0/firebase-firestore.memory.js"}}
[info] ✔  Wrote build/index.html 
[info] 
[info] i  Detected a .git folder at /home/manuel/Desktop/projects/portfolio 
[info] i  Authorizing with GitHub to upload your service account to a GitHub repository's secrets store. 
[info] 
[info] Visit this URL on this device to log in:
[info] https://github.com/login/oauth/authorize?client_id=89cf50f02ac6aaed3484&state=580335415&redirect_uri=http%3A%2F%2Flocalhost%3A9005&scope=read%3Auser%20repo%20public_repo
[info] 
[info] Waiting for authentication...
[debug] [2021-11-19T18:14:08.409Z] >>> HTTP REQUEST POST https://github.com/login/oauth/access_token  
 {"client_id":"89cf50f02ac6aaed3484","client_secret":"3330d14abc895d9a74d5f17cd7a00711fa2c5bf0","code":"d32a2e564f625eee7c01","redirect_uri":"http://localhost:9005","state":"580335415"}
[debug] [2021-11-19T18:14:09.318Z] <<< HTTP RESPONSE 200 {"server":"GitHub.com","date":"Fri, 19 Nov 2021 18:14:09 GMT","content-type":"application/json; charset=utf-8","transfer-encoding":"chunked","vary":"X-PJAX, X-PJAX-Container, Accept-Encoding, Accept, X-Requested-With","permissions-policy":"interest-cohort=()","etag":"W/\"d7ffce7ea2865a2abb04788e03f682b6\"","cache-control":"max-age=0, private, must-revalidate","strict-transport-security":"max-age=31536000; includeSubdomains; preload","x-frame-options":"deny","x-content-type-options":"nosniff","x-xss-protection":"0","referrer-policy":"origin-when-cross-origin, strict-origin-when-cross-origin","expect-ct":"max-age=2592000, report-uri=\"https://api.github.com/_private/browser/errors\"","content-security-policy":"default-src 'none'; base-uri 'self'; block-all-mixed-content; child-src github.com/assets-cdn/worker/ gist.github.com/assets-cdn/worker/; connect-src 'self' uploads.github.com objects-origin.githubusercontent.com www.githubstatus.com collector.githubapp.com api.github.com github-cloud.s3.amazonaws.com github-production-repository-file-5c1aeb.s3.amazonaws.com github-production-upload-manifest-file-7fdce7.s3.amazonaws.com github-production-user-asset-6210df.s3.amazonaws.com cdn.optimizely.com logx.optimizely.com/v1/events translator.github.com wss://alive.github.com; font-src github.githubassets.com; form-action 'self' github.com gist.github.com objects-origin.githubusercontent.com; frame-ancestors 'none'; frame-src render.githubusercontent.com viewscreen.githubusercontent.com notebooks.githubusercontent.com; img-src 'self' data: github.githubassets.com identicons.github.com collector.githubapp.com github-cloud.s3.amazonaws.com secured-user-images.githubusercontent.com/ *.githubusercontent.com; manifest-src 'self'; media-src github.com user-images.githubusercontent.com/; script-src github.githubassets.com; style-src 'unsafe-inline' github.githubassets.com; worker-src github.com/assets-cdn/worker/ gist.github.com/assets-cdn/worker/","x-github-request-id":"3D0D:4BA0:1274C05:1378EB7:6197E970"}
[debug] [2021-11-19T18:14:09.348Z] >>> [apiv2][query] GET https://api.github.com/user [none]
[debug] [2021-11-19T18:14:10.038Z] <<< [apiv2][status] GET https://api.github.com/user 200
[debug] [2021-11-19T18:14:10.039Z] <<< [apiv2][body] GET https://api.github.com/user {"login":"Manuel-heav","id":66178225,"node_id":"MDQ6VXNlcjY2MTc4MjI1","avatar_url":"https://avatars.githubusercontent.com/u/66178225?v=4","gravatar_id":"","url":"https://api.github.com/users/Manuel-heav","html_url":"https://github.com/Manuel-heav","followers_url":"https://api.github.com/users/Manuel-heav/followers","following_url":"https://api.github.com/users/Manuel-heav/following{/other_user}","gists_url":"https://api.github.com/users/Manuel-heav/gists{/gist_id}","starred_url":"https://api.github.com/users/Manuel-heav/starred{/owner}{/repo}","subscriptions_url":"https://api.github.com/users/Manuel-heav/subscriptions","organizations_url":"https://api.github.com/users/Manuel-heav/orgs","repos_url":"https://api.github.com/users/Manuel-heav/repos","events_url":"https://api.github.com/users/Manuel-heav/events{/privacy}","received_events_url":"https://api.github.com/users/Manuel-heav/received_events","type":"User","site_admin":false,"name":null,"company":null,"blog":"","location":null,"email":null,"hireable":null,"bio":"Eager to learn more and more","twitter_username":null,"public_repos":22,"public_gists":0,"followers":16,"following":9,"created_at":"2020-05-30T17:24:50Z","updated_at":"2021-09-25T08:29:25Z","private_gists":0,"total_private_repos":1,"owned_private_repos":0,"disk_usage":39927,"collaborators":0,"two_factor_authentication":false,"plan":{"name":"free","space":976562499,"collaborators":0,"private_repos":10000}}
[info] 
[info] ✔  Success! Logged into GitHub as Manuel-heav 
[info] 
